[2025-11-18 00:30:18] Starting logical backup...
[2025-11-18 00:30:20] Logical backup completed: /home/rjprisoris/Laboratory Exercises/Lab8/production_db_2025-11-18-003018.dump
[2025-11-18 00:30:20] Starting physical backup...
[2025-11-18 00:30:21] Physical backup completed: /home/rjprisoris/Laboratory Exercises/Lab8/pg_base_backup_2025-11-18-003020/pg_base_backup_2025-11-18-003020.tar.gz
[2025-11-18 00:30:21] Uploading backups to Google Drive...
[2025-11-18 00:30:31] FAILURE: Backup upload to Google Drive failed.
[2025-11-18 00:32:56] Starting logical backup...
[2025-11-18 00:32:58] Logical backup completed: /home/rjprisoris/Laboratory Exercises/Lab8/production_db_2025-11-18-003256.dump
[2025-11-18 00:32:58] Starting physical backup...
[2025-11-18 00:32:59] Physical backup completed: /home/rjprisoris/Laboratory Exercises/Lab8/pg_base_backup_2025-11-18-003258/pg_base_backup_2025-11-18-003258.tar.gz
[2025-11-18 00:32:59] Uploading backups to Google Drive...
[2025-11-18 00:36:12] FAILURE: Backup upload to Google Drive failed.
[2025-11-18 00:41:27] Starting logical backup...
[2025-11-18 00:41:29] Logical backup completed: /home/rjprisoris/Laboratory Exercises/Lab8/production_db_2025-11-18-004127.dump
[2025-11-18 00:41:29] Starting physical backup...
[2025-11-18 00:41:29] Physical backup completed: /home/rjprisoris/Laboratory Exercises/Lab8/pg_base_backup_2025-11-18-004129/pg_base_backup_2025-11-18-004129.tar.gz
[2025-11-18 00:41:29] Uploading backups to Google Drive...
[2025-11-18 00:41:39] FAILURE: Backup upload to Google Drive failed.
[2025-11-18 00:47:31] Starting logical backup...
[2025-11-18 00:47:33] Logical backup completed: /home/rjprisoris/Laboratory Exercises/Lab8/production_db_2025-11-18-004731.dump
[2025-11-18 00:47:33] Starting physical backup...
[2025-11-18 00:47:33] Physical backup completed: /home/rjprisoris/Laboratory Exercises/Lab8/pg_base_backup_2025-11-18-004733/pg_base_backup_2025-11-18-004733.tar.gz
[2025-11-18 00:47:33] Uploading backups to Google Drive...
[2025-11-18 00:47:42] FAILURE: Backup upload to Google Drive failed.
[2025-11-18 00:51:07] Starting logical backup...
[2025-11-18 00:51:09] Logical backup completed: /home/rjprisoris/Laboratory Exercises/Lab8/production_db_2025-11-18-005107.dump
[2025-11-18 00:51:09] Starting physical backup...
[2025-11-18 00:51:09] Physical backup completed: /home/rjprisoris/Laboratory Exercises/Lab8/pg_base_backup_2025-11-18-005109/pg_base_backup_2025-11-18-005109.tar.gz
[2025-11-18 00:51:09] Uploading backups to Google Drive...
[2025-11-18 00:51:15] SUCCESS: Backups uploaded to Google Drive.
[2025-11-18 00:51:15] Backup script finished.
[2025-11-18 00:54:19] Starting logical backup...
[2025-11-18 00:54:21] Logical backup completed: /home/rjprisoris/Laboratory Exercises/Lab8/production_db_2025-11-18-005419.dump
[2025-11-18 00:54:21] Starting physical backup...
[2025-11-18 00:54:22] Physical backup completed: /home/rjprisoris/Laboratory Exercises/Lab8/pg_base_backup_2025-11-18-005421/pg_base_backup_2025-11-18-005421.tar.gz
[2025-11-18 00:54:22] Uploading backups to Google Drive...
[2025-11-18 00:54:26] SUCCESS: Backups uploaded to Google Drive.
[2025-11-18 00:54:36] Backup script finished.
[2025-11-18 00:59:53] Starting logical backup...
[2025-11-18 00:59:56] Logical backup completed: /home/rjprisoris/Laboratory Exercises/Lab8/production_db_2025-11-18-005953.dump
[2025-11-18 00:59:56] Starting physical backup...
[2025-11-18 00:59:56] Physical backup completed: /home/rjprisoris/Laboratory Exercises/Lab8/pg_base_backup_2025-11-18-005956/pg_base_backup_2025-11-18-005956.tar.gz
[2025-11-18 00:59:56] Uploading backups to Google Drive...
[2025-11-18 01:00:01] SUCCESS: Backups uploaded to Google Drive.
[2025-11-18 01:00:01] Backup script finished.
[2025-11-18 01:02:28] Starting logical backup...
[2025-11-18 01:02:31] Logical backup completed: /home/rjprisoris/Laboratory Exercises/Lab8/production_db_2025-11-18-010228.dump
[2025-11-18 01:02:31] Starting physical backup...
[2025-11-18 01:02:31] Physical backup completed: /home/rjprisoris/Laboratory Exercises/Lab8/pg_base_backup_2025-11-18-010231/pg_base_backup_2025-11-18-010231.tar.gz
[2025-11-18 01:02:31] Uploading backups to Google Drive...
[2025-11-18 01:02:35] SUCCESS: Backups uploaded to Google Drive.
[2025-11-18 01:02:35] Backup script finished.
[2025-11-18 01:06:05] Starting logical backup...
[2025-11-18 01:06:07] Logical backup completed: /home/rjprisoris/Laboratory Exercises/Lab8/production_db_2025-11-18-010605.dump
[2025-11-18 01:06:07] Starting physical backup...
[2025-11-18 01:06:08] Physical backup completed: /home/rjprisoris/Laboratory Exercises/Lab8/pg_base_backup_2025-11-18-010607/pg_base_backup_2025-11-18-010607.tar.gz
[2025-11-18 01:06:08] Uploading backups to Google Drive...
[2025-11-18 01:06:13] SUCCESS: Backups uploaded to Google Drive.
[2025-11-18 01:06:16] Backup script finished.
[2025-11-18 01:08:09] Starting logical backup...
[2025-11-18 01:08:12] Logical backup completed: /home/rjprisoris/Laboratory Exercises/Lab8/production_db_2025-11-18-010809.dump
[2025-11-18 01:08:12] Starting physical backup...
[2025-11-18 01:08:12] Physical backup completed: /home/rjprisoris/Laboratory Exercises/Lab8/pg_base_backup_2025-11-18-010812/pg_base_backup_2025-11-18-010812.tar.gz
[2025-11-18 01:08:12] Uploading backups to Google Drive...
[2025-11-18 01:08:21] SUCCESS: Backups uploaded to Google Drive.
[2025-11-18 01:08:25] Backup script finished.
